#
# There is insufficient memory for the Java Runtime Environment to continue.
# Native memory allocation (malloc) failed to allocate 32744 bytes for ChunkPool::allocate
# Possible reasons:
#   The system is out of physical RAM or swap space
#   The process is running with CompressedOops enabled, and the Java Heap may be blocking the growth of the native heap
# Possible solutions:
#   Reduce memory load on the system
#   Increase physical memory or swap space
#   Check if swap backing store is full
#   Decrease Java heap size (-Xmx/-Xms)
#   Decrease number of Java threads
#   Decrease Java thread stack sizes (-Xss)
#   Set larger code cache with -XX:ReservedCodeCacheSize=
#   JVM is running with Unscaled Compressed Oops mode in which the Java heap is
#     placed in the first 4GB address space. The Java Heap base address is the
#     maximum limit for the native heap growth. Please use -XX:HeapBaseMinAddress
#     to set the Java Heap base and to place the Java Heap above 4GB virtual address.
# This output file may be truncated or incomplete.
#
#  Out of Memory Error (allocation.cpp:272), pid=12712, tid=0x0000000000001a0c
#
# JRE version: Java(TM) SE Runtime Environment (8.0_231-b11) (build 1.8.0_231-b11)
# Java VM: Java HotSpot(TM) 64-Bit Server VM (25.231-b11 mixed mode windows-amd64 compressed oops)
# Failed to write core dump. Minidumps are not enabled by default on client versions of Windows
#

---------------  T H R E A D  ---------------

Current thread (0x0000000017aaf000):  JavaThread "C2 CompilerThread1" daemon [_thread_in_native, id=6668, stack(0x0000000019200000,0x0000000019300000)]

Stack: [0x0000000019200000,0x0000000019300000]
[error occurred during error reporting (printing stack bounds), id 0xc0000005]

Native frames: (J=compiled Java code, j=interpreted, Vv=VM code, C=native code)


Current CompileTask:
C2:   1104  716       4       java.io.WinNTFileSystem::normalize (143 bytes)


---------------  P R O C E S S  ---------------

Java Threads: ( => current thread )
  0x0000000002e67800 JavaThread "DestroyJavaVM" [_thread_blocked, id=14320, stack(0x0000000002d60000,0x0000000002e60000)]
  0x000000001a28f800 JavaThread "RMI TCP Accept-0" daemon [_thread_in_native, id=17136, stack(0x000000001a840000,0x000000001a940000)]
  0x000000001a286000 JavaThread "RMI TCP Accept-56325" daemon [_thread_in_native, id=8068, stack(0x000000001a740000,0x000000001a840000)]
  0x000000001a27c000 JavaThread "RMI TCP Accept-0" daemon [_thread_in_native, id=14008, stack(0x000000001a640000,0x000000001a740000)]
  0x0000000019433000 JavaThread "Service Thread" daemon [_thread_blocked, id=6432, stack(0x0000000019800000,0x0000000019900000)]
  0x0000000017ab4800 JavaThread "C1 CompilerThread2" daemon [_thread_blocked, id=9692, stack(0x0000000019300000,0x0000000019400000)]
=>0x0000000017aaf000 JavaThread "C2 CompilerThread1" daemon [_thread_in_native, id=6668, stack(0x0000000019200000,0x0000000019300000)]
  0x0000000017aa8000 JavaThread "C2 CompilerThread0" daemon [_thread_blocked, id=5008, stack(0x0000000019100000,0x0000000019200000)]
  0x0000000017aa7000 JavaThread "Attach Listener" daemon [_thread_blocked, id=10208, stack(0x0000000019000000,0x0000000019100000)]
  0x0000000017aa4000 JavaThread "Signal Dispatcher" daemon [_thread_blocked, id=8048, stack(0x0000000018f00000,0x0000000019000000)]
  0x0000000002f5e000 JavaThread "Finalizer" daemon [_thread_blocked, id=16244, stack(0x0000000018d00000,0x0000000018e00000)]
  0x0000000017a68800 JavaThread "Reference Handler" daemon [_thread_blocked, id=7264, stack(0x0000000018c00000,0x0000000018d00000)]

Other Threads:
  0x0000000017a67800 VMThread [stack: 0x0000000018b00000,0x0000000018c00000] [id=12064]
  0x000000001a293800 WatcherThread [stack: 0x000000001a940000,0x000000001aa40000] [id=5508]

VM state:not at safepoint (normal execution)

VM Mutex/Monitor currently owned by a thread: None

OutOfMemory and StackOverflow Exception counts:
OutOfMemoryError java_heap_errors=1

heap address: 0x0000000081a00000, size: 2022 MB, Compressed Oops mode: 32-bit
Narrow klass base: 0x0000000000000000, Narrow klass shift: 3
Compressed class space size: 1073741824 Address: 0x0000000100000000

Heap:
 PSYoungGen      total 38400K, used 30012K [0x00000000d5e00000, 0x00000000d8880000, 0x0000000100000000)
  eden space 33280K, 90% used [0x00000000d5e00000,0x00000000d7b4f210,0x00000000d7e80000)
  from space 5120K, 0% used [0x00000000d8380000,0x00000000d8380000,0x00000000d8880000)
  to   space 5120K, 0% used [0x00000000d7e80000,0x00000000d7e80000,0x00000000d8380000)
 ParOldGen       total 87552K, used 0K [0x0000000081a00000, 0x0000000086f80000, 0x00000000d5e00000)
  object space 87552K, 0% used [0x0000000081a00000,0x0000000081a00000,0x0000000086f80000)
 Metaspace       used 10541K, capacity 10752K, committed 10880K, reserved 1058816K
  class space    used 1284K, capacity 1356K, committed 1408K, reserved 1048576K

Card table byte_map: [0x0000000012320000,0x0000000012720000] byte_map_base: 0x0000000011f13000

Marking Bits: (ParMarkBitMap*) 0x0000000058ec6d90
 Begin Bits: [0x0000000012dd0000, 0x0000000014d68000)
 End Bits:   [0x0000000014d68000, 0x0000000016d00000)

Polling page: 0x0000000002c60000

CodeCache: size=245760Kb used=2998Kb max_used=2998Kb free=242761Kb
 bounds [0x0000000002f60000, 0x0000000003250000, 0x0000000011f60000]
 total_blobs=1150 nmethods=787 adapters=276
 compilation: enabled

Compilation events (10 events):
Event: 0.997 Thread 0x0000000017ab4800 nmethod 778 0x0000000003249490 code [0x0000000003249600, 0x0000000003249788]
Event: 0.997 Thread 0x0000000017ab4800  779       3       java.util.jar.JarFile::getManifestFromReference (117 bytes)
Event: 0.998 Thread 0x0000000017ab4800 nmethod 779 0x0000000003248050 code [0x0000000003248280, 0x0000000003248f18]
Event: 0.998 Thread 0x0000000017ab4800  780       3       java.util.HashMap::<init> (98 bytes)
Event: 0.999 Thread 0x0000000017aa8000 nmethod 777 0x000000000324b210 code [0x000000000324b360, 0x000000000324b638]
Event: 0.999 Thread 0x0000000017ab4800 nmethod 780 0x000000000324b890 code [0x000000000324bb40, 0x000000000324ce58]
Event: 0.999 Thread 0x0000000017ab4800  781       3       java.lang.ref.SoftReference::<init> (13 bytes)
Event: 0.999 Thread 0x0000000017ab4800 nmethod 781 0x0000000003247ad0 code [0x0000000003247c40, 0x0000000003247f30]
Event: 1.000 Thread 0x0000000017ab4800  782       3       java.lang.Math::min (46 bytes)
Event: 1.000 Thread 0x0000000017ab4800 nmethod 782 0x0000000003247590 code [0x0000000003247700, 0x0000000003247a50]

GC Heap History (0 events):
No events

Deoptimization events (0 events):
No events

Classes redefined (0 events):
No events

Internal exceptions (10 events):
Event: 0.959 Thread 0x0000000002e67800 Exception <a 'java/lang/ArrayIndexOutOfBoundsException'> (0x00000000d748e3e8) thrown at [C:\re\workspace\8-2-build-windows-amd64-cygwin\jdk8u231\13620\hotspot\src\share\vm\runtime\sharedRuntime.cpp, line 605]
Event: 0.961 Thread 0x0000000002e67800 Exception <a 'java/lang/ArrayIndexOutOfBoundsException'> (0x00000000d74c2e60) thrown at [C:\re\workspace\8-2-build-windows-amd64-cygwin\jdk8u231\13620\hotspot\src\share\vm\runtime\sharedRuntime.cpp, line 605]
Event: 0.961 Thread 0x0000000002e67800 Exception <a 'java/lang/ArrayIndexOutOfBoundsException'> (0x00000000d74c4f28) thrown at [C:\re\workspace\8-2-build-windows-amd64-cygwin\jdk8u231\13620\hotspot\src\share\vm\runtime\sharedRuntime.cpp, line 605]
Event: 0.961 Thread 0x0000000002e67800 Exception <a 'java/lang/ArrayIndexOutOfBoundsException'> (0x00000000d74c6ae0) thrown at [C:\re\workspace\8-2-build-windows-amd64-cygwin\jdk8u231\13620\hotspot\src\share\vm\runtime\sharedRuntime.cpp, line 605]
Event: 0.961 Thread 0x0000000002e67800 Exception <a 'java/lang/ArrayIndexOutOfBoundsException'> (0x00000000d74c89b8) thrown at [C:\re\workspace\8-2-build-windows-amd64-cygwin\jdk8u231\13620\hotspot\src\share\vm\runtime\sharedRuntime.cpp, line 605]
Event: 0.961 Thread 0x0000000002e67800 Exception <a 'java/lang/ArrayIndexOutOfBoundsException'> (0x00000000d74cb828) thrown at [C:\re\workspace\8-2-build-windows-amd64-cygwin\jdk8u231\13620\hotspot\src\share\vm\runtime\sharedRuntime.cpp, line 605]
Event: 0.962 Thread 0x0000000002e67800 Exception <a 'java/lang/ArrayIndexOutOfBoundsException'> (0x00000000d74dfb48) thrown at [C:\re\workspace\8-2-build-windows-amd64-cygwin\jdk8u231\13620\hotspot\src\share\vm\runtime\sharedRuntime.cpp, line 605]
Event: 0.962 Thread 0x0000000002e67800 Exception <a 'java/lang/ArrayIndexOutOfBoundsException'> (0x00000000d74e14f0) thrown at [C:\re\workspace\8-2-build-windows-amd64-cygwin\jdk8u231\13620\hotspot\src\share\vm\runtime\sharedRuntime.cpp, line 605]
Event: 0.962 Thread 0x0000000002e67800 Exception <a 'java/lang/ArrayIndexOutOfBoundsException'> (0x00000000d74ed318) thrown at [C:\re\workspace\8-2-build-windows-amd64-cygwin\jdk8u231\13620\hotspot\src\share\vm\runtime\sharedRuntime.cpp, line 605]
Event: 0.962 Thread 0x0000000002e67800 Exception <a 'java/lang/ArrayIndexOutOfBoundsException'> (0x00000000d74eeeb8) thrown at [C:\re\workspace\8-2-build-windows-amd64-cygwin\jdk8u231\13620\hotspot\src\share\vm\runtime\sharedRuntime.cpp, line 605]

Events (10 events):
Event: 0.970 loading class org/springframework/boot/devtools/logger/DevToolsLogFactory
Event: 0.970 loading class org/springframework/boot/devtools/logger/DevToolsLogFactory done
Event: 0.971 loading class java/util/jar/JarVerifier
Event: 0.972 loading class java/util/jar/JarVerifier done
Event: 0.972 loading class java/security/CodeSigner
Event: 0.972 loading class java/security/CodeSigner done
Event: 0.972 loading class java/util/jar/JarVerifier$3
Event: 0.972 loading class java/util/jar/JarVerifier$3 done
Event: 0.980 Thread 0x0000000002e67800 DEOPT PACKING pc=0x00000000030dff4a sp=0x0000000002e5e700
Event: 0.980 Thread 0x0000000002e67800 DEOPT UNPACKING pc=0x0000000002fa7890 sp=0x0000000002e5e580 mode 0


Dynamic libraries:
0x00007ff6d78c0000 - 0x00007ff6d78f7000 	C:\Program Files\Java\jre1.8.0_231\bin\javaw.exe
0x00007ffa50b20000 - 0x00007ffa50d0d000 	C:\WINDOWS\SYSTEM32\ntdll.dll
0x00007ffa4fd90000 - 0x00007ffa4fe43000 	C:\WINDOWS\System32\KERNEL32.DLL
0x00007ffa4d680000 - 0x00007ffa4d913000 	C:\WINDOWS\System32\KERNELBASE.dll
0x000000005a0d0000 - 0x000000005a165000 	C:\WINDOWS\System32\SYSFER.DLL
0x00007ffa4e570000 - 0x00007ffa4e613000 	C:\WINDOWS\System32\ADVAPI32.dll
0x00007ffa50a50000 - 0x00007ffa50aee000 	C:\WINDOWS\System32\msvcrt.dll
0x00007ffa50310000 - 0x00007ffa503ae000 	C:\WINDOWS\System32\sechost.dll
0x00007ffa4e3c0000 - 0x00007ffa4e4e2000 	C:\WINDOWS\System32\RPCRT4.dll
0x0000000057f30000 - 0x0000000058255000 	C:\ProgramData\Symantec\Symantec Endpoint Protection\14.0.3876.1100.105\Data\Definitions\IPSDefs\20200306.061\IPSEng64.dll
0x00007ffa50a40000 - 0x00007ffa50a48000 	C:\WINDOWS\System32\PSAPI.DLL
0x00007ffa4dd40000 - 0x00007ffa4ded7000 	C:\WINDOWS\System32\USER32.dll
0x00007ffa4dd20000 - 0x00007ffa4dd40000 	C:\WINDOWS\System32\win32u.dll
0x00007ffa50850000 - 0x00007ffa50879000 	C:\WINDOWS\System32\GDI32.dll
0x00007ffa4cd40000 - 0x00007ffa4ced9000 	C:\WINDOWS\System32\gdi32full.dll
0x00007ffa4d920000 - 0x00007ffa4d9c0000 	C:\WINDOWS\System32\msvcp_win.dll
0x00007ffa4cc40000 - 0x00007ffa4cd3a000 	C:\WINDOWS\System32\ucrtbase.dll
0x00007ffa2d0d0000 - 0x00007ffa2d349000 	C:\WINDOWS\WinSxS\amd64_microsoft.windows.common-controls_6595b64144ccf1df_6.0.17763.1039_none_de701650534c7021\COMCTL32.dll
0x00007ffa50520000 - 0x00007ffa5084c000 	C:\WINDOWS\System32\combase.dll
0x00007ffa4dca0000 - 0x00007ffa4dd1e000 	C:\WINDOWS\System32\bcryptPrimitives.dll
0x00007ffa4fbd0000 - 0x00007ffa4fbfe000 	C:\WINDOWS\System32\IMM32.DLL
0x0000000059550000 - 0x0000000059622000 	C:\Program Files\Java\jre1.8.0_231\bin\msvcr100.dll
0x00000000586a0000 - 0x0000000058f46000 	C:\Program Files\Java\jre1.8.0_231\bin\server\jvm.dll
0x00007ffa3f200000 - 0x00007ffa3f209000 	C:\WINDOWS\SYSTEM32\WSOCK32.dll
0x00007ffa500c0000 - 0x00007ffa5012d000 	C:\WINDOWS\System32\WS2_32.dll
0x00007ffa45ea0000 - 0x00007ffa45ec4000 	C:\WINDOWS\SYSTEM32\WINMM.dll
0x00007ffa44e30000 - 0x00007ffa44e3a000 	C:\WINDOWS\SYSTEM32\VERSION.dll
0x00007ffa45de0000 - 0x00007ffa45e0d000 	C:\WINDOWS\SYSTEM32\WINMMBASE.dll
0x00007ffa4d630000 - 0x00007ffa4d67a000 	C:\WINDOWS\System32\cfgmgr32.dll
0x00007ffa49170000 - 0x00007ffa4917f000 	C:\Program Files\Java\jre1.8.0_231\bin\verify.dll
0x00007ffa4a7e0000 - 0x00007ffa4a809000 	C:\Program Files\Java\jre1.8.0_231\bin\java.dll
0x00007ffa37d10000 - 0x00007ffa37d26000 	C:\Program Files\Java\jre1.8.0_231\bin\zip.dll
0x00007ffa4e620000 - 0x00007ffa4fb14000 	C:\WINDOWS\System32\SHELL32.dll
0x00007ffa4fe60000 - 0x00007ffa4ff08000 	C:\WINDOWS\System32\shcore.dll
0x00007ffa4cee0000 - 0x00007ffa4d62d000 	C:\WINDOWS\System32\windows.storage.dll
0x00007ffa4cb30000 - 0x00007ffa4cb54000 	C:\WINDOWS\System32\profapi.dll
0x00007ffa4cb80000 - 0x00007ffa4cbdd000 	C:\WINDOWS\System32\powrprof.dll
0x00007ffa4e510000 - 0x00007ffa4e562000 	C:\WINDOWS\System32\shlwapi.dll
0x00007ffa4cb60000 - 0x00007ffa4cb71000 	C:\WINDOWS\System32\kernel.appcore.dll
0x00007ffa4d9f0000 - 0x00007ffa4da07000 	C:\WINDOWS\System32\cryptsp.dll
0x00007ffa4a7b0000 - 0x00007ffa4a7bd000 	C:\Program Files\Java\jre1.8.0_231\bin\management.dll
0x00007ffa491e0000 - 0x00007ffa491fa000 	C:\Program Files\Java\jre1.8.0_231\bin\net.dll
0x00007ffa4c320000 - 0x00007ffa4c387000 	C:\WINDOWS\system32\mswsock.dll
0x00007ffa3f410000 - 0x00007ffa3f422000 	C:\Program Files\Java\jre1.8.0_231\bin\nio.dll
0x00007ffa42260000 - 0x00007ffa42276000 	C:\WINDOWS\system32\napinsp.dll
0x00007ffa41d30000 - 0x00007ffa41d4a000 	C:\WINDOWS\system32\pnrpnsp.dll
0x00007ffa4c090000 - 0x00007ffa4c156000 	C:\WINDOWS\SYSTEM32\DNSAPI.dll
0x00007ffa4fe50000 - 0x00007ffa4fe58000 	C:\WINDOWS\System32\NSI.dll
0x00007ffa4c040000 - 0x00007ffa4c07d000 	C:\WINDOWS\SYSTEM32\IPHLPAPI.DLL
0x00007ffa41880000 - 0x00007ffa4188e000 	C:\WINDOWS\System32\winrnr.dll
0x00007ffa49e20000 - 0x00007ffa49e3b000 	C:\WINDOWS\system32\NLAapi.dll
0x00007ffa3fe60000 - 0x00007ffa3fe75000 	C:\WINDOWS\system32\wshbth.dll
0x00007ffa4ad60000 - 0x00007ffa4ad81000 	C:\WINDOWS\FireEye\NamespaceToEvents.dll
0x00007ffa47050000 - 0x00007ffa4705a000 	C:\Windows\System32\rasadhlp.dll
0x00007ffa490e0000 - 0x00007ffa49159000 	C:\WINDOWS\System32\fwpuclnt.dll
0x00007ffa4d9c0000 - 0x00007ffa4d9e6000 	C:\WINDOWS\System32\bcrypt.dll
0x00007ffa4bea0000 - 0x00007ffa4bed3000 	C:\WINDOWS\system32\rsaenh.dll
0x00007ffa4ca10000 - 0x00007ffa4ca38000 	C:\WINDOWS\SYSTEM32\USERENV.dll
0x00007ffa4c4f0000 - 0x00007ffa4c4fc000 	C:\WINDOWS\SYSTEM32\CRYPTBASE.dll
0x00007ffa49030000 - 0x00007ffa49046000 	C:\WINDOWS\SYSTEM32\dhcpcsvc6.DLL
0x00007ffa49010000 - 0x00007ffa4902c000 	C:\WINDOWS\SYSTEM32\dhcpcsvc.DLL

VM Arguments:
jvm_args: -Djava.vendor=Sun Microsystems Inc. -Dcom.sun.management.jmxremote -Dcom.sun.management.jmxremote.port=56325 -Dcom.sun.management.jmxremote.authenticate=false -Dcom.sun.management.jmxremote.ssl=false -Djava.rmi.server.hostname=localhost -Dspring.liveBeansView.mbeanDomain -Dspring.application.admin.enabled=true -Dfile.encoding=UTF-8 
java_command: com.cg.boot.SpringAppStarter --spring.output.ansi.enabled=always
java_class_path (initial): C:\Users\SSING300\Documents\Spring\Spring230_Boot_MVC\target\classes;C:\Users\SSING300\Documents\Devops\webserver\apache-tomcat-9.0.30-windows-x64\apache-tomcat-9.0.30\lib\annotations-api.jar;C:\Users\SSING300\Documents\Devops\webserver\apache-tomcat-9.0.30-windows-x64\apache-tomcat-9.0.30\lib\catalina-ant.jar;C:\Users\SSING300\Documents\Devops\webserver\apache-tomcat-9.0.30-windows-x64\apache-tomcat-9.0.30\lib\catalina-ha.jar;C:\Users\SSING300\Documents\Devops\webserver\apache-tomcat-9.0.30-windows-x64\apache-tomcat-9.0.30\lib\catalina-ssi.jar;C:\Users\SSING300\Documents\Devops\webserver\apache-tomcat-9.0.30-windows-x64\apache-tomcat-9.0.30\lib\catalina-storeconfig.jar;C:\Users\SSING300\Documents\Devops\webserver\apache-tomcat-9.0.30-windows-x64\apache-tomcat-9.0.30\lib\catalina-tribes.jar;C:\Users\SSING300\Documents\Devops\webserver\apache-tomcat-9.0.30-windows-x64\apache-tomcat-9.0.30\lib\catalina.jar;C:\Users\SSING300\Documents\Devops\webserver\apache-tomcat-9.0.30-windows-x64\apache-tomcat-9.0.30\lib\ecj-4.13.jar;C:\Users\SSING300\Documents\Devops\webserver\apache-tomcat-9.0.30-windows-x64\apache-tomcat-9.0.30\lib\el-api.jar;C:\Users\SSING300\Documents\Devops\webserver\apache-tomcat-9.0.30-windows-x64\apache-tomcat-9.0.30\lib\jasper-el.jar;C:\Users\SSING300\Documents\Devops\webserver\apache-tomcat-9.0.30-windows-x64\apache-tomcat-9.0.30\lib\jasper.jar;C:\Users\SSING300\Documents\Devops\webserver\apache-tomcat-9.0.30-windows-x64\apache-tomcat-9.0.30\lib\jaspic-api.jar;C:\Users\SSING300\Documents\Devops\webserver\apache-tomcat-9.0.30-windows-x64\apache-tomcat-9.0.30\lib\jsp-api.jar;C:\Users\SSING300\Documents\Devops\webserver\apache-tomcat-9.0.30-windows-x64\apache-tomcat-9.0.30\lib\servlet-api.jar;C:\Users\SSING300\Documents\Devops\webserver\apache-tomcat-9.0.30-windows-x64\apache-tomcat-9.0.30\lib\tomcat-api.jar;C:\Users\SSING300\Documents\Devops\webserver\apache-tomcat-9.0.30-windows-x64\apache-tomcat-9.0.30\lib\tomcat-coyote.jar;C
Launcher Type: SUN_STANDARD

Environment Variables:
JAVA_HOME=C:\Program Files\Java\jdk1.8.0_91
JAVA_TOOL_OPTIONS=-Djava.vendor="Sun Microsystems Inc."
PATH=C:/Program Files/Java/jre1.8.0_231/bin/server;C:/Program Files/Java/jre1.8.0_231/bin;C:/Program Files/Java/jre1.8.0_231/lib/amd64;C:\Program Files (x86)\Common Files\Oracle\Java\javapath;C:\Program Files\Java\jdk1.8.0_91\bin;C:\Program Files\Java\jdk1.8.0_91\bin;C:\WINDOWS\system32;C:\WINDOWS;C:\WINDOWS\System32\Wbem;C:\WINDOWS\System32\WindowsPowerShell\v1.0\;C:\WINDOWS\System32\OpenSSH\;C:\Program Files\Git\cmd;C:\Users\SSING300\Documents\Assignment_My\apache-maven-3.6.3\bin;C:\Users\SSING300\Documents\Devops\sonarqube\sonar-scanner-2.8\bin;C:\Program Files\nodejs\;C:\Users\SSING300\AppData\Local\Microsoft\WindowsApps;C:\Users\SSING300\AppData\Roaming\npm;C:\GF-103\STS\sts-bundle\sts-3.8.4.RELEASE;
USERNAME=ssing300
OS=Windows_NT
PROCESSOR_IDENTIFIER=Intel64 Family 6 Model 158 Stepping 9, GenuineIntel



---------------  S Y S T E M  ---------------

OS: Windows 10.0 , 64 bit Build 17763 (10.0.17763.475)

CPU:total 4 (initial active 4) (4 cores per cpu, 1 threads per core) family 6 model 158 stepping 9, cmov, cx8, fxsr, mmx, sse, sse2, sse3, ssse3, sse4.1, sse4.2, popcnt, avx, avx2, aes, clmul, erms, rtm, 3dnowpref, lzcnt, tsc, tscinvbit, bmi1, bmi2, adx

Memory: 4k page, physical 8274356k(1685184k free), swap 10226100k(3612k free)

vm_info: Java HotSpot(TM) 64-Bit Server VM (25.231-b11) for windows-amd64 JRE (1.8.0_231-b11), built on Oct  5 2019 03:11:30 by "java_re" with MS VC++ 10.0 (VS2010)

time: Mon Mar 09 11:47:11 2020
timezone: India Standard Time
elapsed time: 1 seconds (0d 0h 0m 1s)

